<?xml version="1.0" encoding="UTF-8"?>
<testsuite name="com.company.api.input.UserInputTest" tests="1" skipped="0" failures="0" errors="0" timestamp="2019-05-14T07:33:50" hostname="ip-10-101-37-40.ap-southeast-2.compute.internal" time="0.536">
  <properties/>
  <testcase name="getUserInput" classname="com.company.api.input.UserInputTest" time="0.536"/>
  <system-out><![CDATA[]]></system-out>
  <system-err><![CDATA[]]></system-err>
</testsuite>
